16:32:41,967  INFO Griffin:427 - Total number of satisfying models found: 0
16:34:34,681  INFO Griffin:427 - Total number of satisfying models found: 0
16:35:01,934  INFO Griffin:611 - 0000000000,3,a;b;c,false;((((~a&b)&~c)|((a&~b)&~c))|((a&b)&~c));(~b&c),0;00101010;0100,3,1,000,1,001,1,010,5,a+b;b+b;b-c;c-b;c+c
16:35:14,156  INFO Griffin:611 - 0000000001,3,a;b;c,false;(((((~a&b)&~c)|((a&~b)&~c))|((a&b)&~c))|((a&b)&c));(~b&c),0;00101011;0100,3,1,000,1,001,1,010,5,a+b;b+b;b-c;c-b;c+c
16:35:23,394  INFO Griffin:611 - 0000000002,3,a;b;c,false;((((((~a&b)&~c)|((~a&b)&c))|((a&~b)&~c))|((a&b)&~c))|((a&b)&c));(~b&c),0;00111011;0100,3,1,000,1,001,1,010,5,a+b;b+b;b-c;c-b;c+c
16:35:24,785  INFO Griffin:611 - 0000000003,3,a;b;c,false;((((~a&b)&~c)|((a&b)&~c))|((a&b)&c));(~b&c),0;00100011;0100,3,1,000,1,001,1,010,5,a+b;b+b;b-c;c-b;c+c
16:35:25,869  INFO Griffin:611 - 0000000004,3,a;b;c,false;((((((~a&b)&~c)|((a&~b)&~c))|((a&~b)&c))|((a&b)&~c))|((a&b)&c));(~b&c),0;00101111;0100,3,1,000,1,001,1,010,5,a+b;b+b;b-c;c-b;c+c
16:35:27,267  INFO Griffin:427 - Total number of satisfying models found: 5
16:40:58,928  INFO Griffin:611 - 0000000000,3,a;b;c,false;((((~a&b)&~c)|((a&~b)&~c))|((a&b)&~c));(~b&c),0;00101010;0100,3,1,000,1,001,1,010,5,a+b;b+b;b-c;c-b;c+c
16:40:58,964  INFO Griffin:611 - 0000000001,3,a;b;c,false;(((((~a&b)&~c)|((a&~b)&~c))|((a&b)&~c))|((a&b)&c));(~b&c),0;00101011;0100,3,1,000,1,001,1,010,5,a+b;b+b;b-c;c-b;c+c
16:40:59,013  INFO Griffin:611 - 0000000002,3,a;b;c,false;((((((~a&b)&~c)|((~a&b)&c))|((a&~b)&~c))|((a&b)&~c))|((a&b)&c));(~b&c),0;00111011;0100,3,1,000,1,001,1,010,5,a+b;b+b;b-c;c-b;c+c
16:40:59,047  INFO Griffin:611 - 0000000003,3,a;b;c,false;((((~a&b)&~c)|((a&b)&~c))|((a&b)&c));(~b&c),0;00100011;0100,3,1,000,1,001,1,010,5,a+b;b+b;b-c;c-b;c+c
16:40:59,088  INFO Griffin:611 - 0000000004,3,a;b;c,false;((((((~a&b)&~c)|((a&~b)&~c))|((a&~b)&c))|((a&b)&~c))|((a&b)&c));(~b&c),0;00101111;0100,3,1,000,1,001,1,010,5,a+b;b+b;b-c;c-b;c+c
16:40:59,097  INFO Griffin:427 - Total number of satisfying models found: 5
16:52:54,062  INFO Griffin:611 - 0000000000,3,a;b;c,false;((((~a&b)&~c)|((a&~b)&~c))|((a&b)&~c));(~b&c),0;00101010;0100,3,1,000,1,001,1,010,5,a+b;b+b;b-c;c-b;c+c
16:52:54,164  INFO Griffin:611 - 0000000001,3,a;b;c,false;(((((~a&b)&~c)|((a&~b)&~c))|((a&b)&~c))|((a&b)&c));(~b&c),0;00101011;0100,3,1,000,1,001,1,010,5,a+b;b+b;b-c;c-b;c+c
16:52:54,198  INFO Griffin:611 - 0000000002,3,a;b;c,false;((((((~a&b)&~c)|((~a&b)&c))|((a&~b)&~c))|((a&b)&~c))|((a&b)&c));(~b&c),0;00111011;0100,3,1,000,1,001,1,010,5,a+b;b+b;b-c;c-b;c+c
16:52:54,223  INFO Griffin:611 - 0000000003,3,a;b;c,false;((((~a&b)&~c)|((a&b)&~c))|((a&b)&c));(~b&c),0;00100011;0100,3,1,000,1,001,1,010,5,a+b;b+b;b-c;c-b;c+c
16:52:54,267  INFO Griffin:611 - 0000000004,3,a;b;c,false;((((((~a&b)&~c)|((a&~b)&~c))|((a&~b)&c))|((a&b)&~c))|((a&b)&c));(~b&c),0;00101111;0100,3,1,000,1,001,1,010,5,a+b;b+b;b-c;c-b;c+c
16:52:54,275  INFO Griffin:427 - Total number of satisfying models found: 5
16:53:10,367  INFO Griffin:611 - 0000000000,3,a;b;c,false;((((~a&b)&~c)|((a&~b)&~c))|((a&b)&~c));(~b&c),0;00101010;0100,3,1,000,1,001,1,010,5,a+b;b+b;b-c;c-b;c+c
16:53:10,405  INFO Griffin:611 - 0000000001,3,a;b;c,false;(((((~a&b)&~c)|((a&~b)&~c))|((a&b)&~c))|((a&b)&c));(~b&c),0;00101011;0100,3,1,000,1,001,1,010,5,a+b;b+b;b-c;c-b;c+c
16:53:10,444  INFO Griffin:611 - 0000000002,3,a;b;c,false;((((((~a&b)&~c)|((~a&b)&c))|((a&~b)&~c))|((a&b)&~c))|((a&b)&c));(~b&c),0;00111011;0100,3,1,000,1,001,1,010,5,a+b;b+b;b-c;c-b;c+c
16:53:10,483  INFO Griffin:611 - 0000000003,3,a;b;c,false;((((~a&b)&~c)|((a&b)&~c))|((a&b)&c));(~b&c),0;00100011;0100,3,1,000,1,001,1,010,5,a+b;b+b;b-c;c-b;c+c
16:53:10,505  INFO Griffin:611 - 0000000004,3,a;b;c,false;((((((~a&b)&~c)|((a&~b)&~c))|((a&~b)&c))|((a&b)&~c))|((a&b)&c));(~b&c),0;00101111;0100,3,1,000,1,001,1,010,5,a+b;b+b;b-c;c-b;c+c
16:53:10,525  INFO Griffin:427 - Total number of satisfying models found: 5
17:09:48,518  INFO Griffin:611 - 0000000000,3,a;b;c,false;((((~a&b)&~c)|((a&~b)&~c))|((a&b)&~c));(~b&c),0;00101010;0100,3,1,000,1,001,1,010,5,a+b;b+b;b-c;c-b;c+c
17:09:48,538  INFO Griffin:611 - 0000000001,3,a;b;c,false;(((((~a&b)&~c)|((a&~b)&~c))|((a&b)&~c))|((a&b)&c));(~b&c),0;00101011;0100,3,1,000,1,001,1,010,5,a+b;b+b;b-c;c-b;c+c
17:09:48,565  INFO Griffin:611 - 0000000002,3,a;b;c,false;((((((~a&b)&~c)|((~a&b)&c))|((a&~b)&~c))|((a&b)&~c))|((a&b)&c));(~b&c),0;00111011;0100,3,1,000,1,001,1,010,5,a+b;b+b;b-c;c-b;c+c
17:09:48,606  INFO Griffin:611 - 0000000003,3,a;b;c,false;((((~a&b)&~c)|((a&b)&~c))|((a&b)&c));(~b&c),0;00100011;0100,3,1,000,1,001,1,010,5,a+b;b+b;b-c;c-b;c+c
17:09:48,639  INFO Griffin:611 - 0000000004,3,a;b;c,false;((((((~a&b)&~c)|((a&~b)&~c))|((a&~b)&c))|((a&b)&~c))|((a&b)&c));(~b&c),0;00101111;0100,3,1,000,1,001,1,010,5,a+b;b+b;b-c;c-b;c+c
17:09:48,645  INFO Griffin:427 - Total number of satisfying models found: 5
17:23:31,371  INFO Griffin:611 - 0000000000,3,a;b;c,false;((((~a&b)&~c)|((a&~b)&~c))|((a&b)&~c));(~b&c),0;00101010;0100,3,1,000,1,001,1,010,5,a+b;b+b;b-c;c-b;c+c
17:23:31,478  INFO Griffin:611 - 0000000001,3,a;b;c,false;(((((~a&b)&~c)|((a&~b)&~c))|((a&b)&~c))|((a&b)&c));(~b&c),0;00101011;0100,3,1,000,1,001,1,010,5,a+b;b+b;b-c;c-b;c+c
17:23:31,529  INFO Griffin:611 - 0000000002,3,a;b;c,false;((((((~a&b)&~c)|((~a&b)&c))|((a&~b)&~c))|((a&b)&~c))|((a&b)&c));(~b&c),0;00111011;0100,3,1,000,1,001,1,010,5,a+b;b+b;b-c;c-b;c+c
17:23:31,579  INFO Griffin:611 - 0000000003,3,a;b;c,false;((((~a&b)&~c)|((a&b)&~c))|((a&b)&c));(~b&c),0;00100011;0100,3,1,000,1,001,1,010,5,a+b;b+b;b-c;c-b;c+c
17:23:31,644  INFO Griffin:611 - 0000000004,3,a;b;c,false;((((((~a&b)&~c)|((a&~b)&~c))|((a&~b)&c))|((a&b)&~c))|((a&b)&c));(~b&c),0;00101111;0100,3,1,000,1,001,1,010,5,a+b;b+b;b-c;c-b;c+c
17:23:31,669  INFO Griffin:427 - Total number of satisfying models found: 5
12:53:20,650  INFO Griffin:611 - 0000000000,3,a;b;c,false;((((~a&b)&~c)|((a&~b)&~c))|((a&b)&~c));(~b&c),0;00101010;0100,3,1,000,1,001,1,010,5,a+b;b+b;b-c;c-b;c+c
12:53:20,771  INFO Griffin:611 - 0000000001,3,a;b;c,false;(((((~a&b)&~c)|((a&~b)&~c))|((a&b)&~c))|((a&b)&c));(~b&c),0;00101011;0100,3,1,000,1,001,1,010,5,a+b;b+b;b-c;c-b;c+c
12:53:20,812  INFO Griffin:611 - 0000000002,3,a;b;c,false;((((((~a&b)&~c)|((~a&b)&c))|((a&~b)&~c))|((a&b)&~c))|((a&b)&c));(~b&c),0;00111011;0100,3,1,000,1,001,1,010,5,a+b;b+b;b-c;c-b;c+c
12:53:20,836  INFO Griffin:611 - 0000000003,3,a;b;c,false;((((~a&b)&~c)|((a&b)&~c))|((a&b)&c));(~b&c),0;00100011;0100,3,1,000,1,001,1,010,5,a+b;b+b;b-c;c-b;c+c
12:53:20,997  INFO Griffin:611 - 0000000004,3,a;b;c,false;((((((~a&b)&~c)|((a&~b)&~c))|((a&~b)&c))|((a&b)&~c))|((a&b)&c));(~b&c),0;00101111;0100,3,1,000,1,001,1,010,5,a+b;b+b;b-c;c-b;c+c
12:53:21,012  INFO Griffin:427 - Total number of satisfying models found: 5
12:53:45,502  INFO Griffin:611 - 0000000000,3,a;b;c,false;((((~a&b)&~c)|((a&~b)&~c))|((a&b)&~c));(~b&c),0;00101010;0100,3,1,000,1,001,1,010,5,a+b;b+b;b-c;c-b;c+c
12:54:22,403  INFO Griffin:611 - 0000000001,3,a;b;c,false;(((((~a&b)&~c)|((a&~b)&~c))|((a&b)&~c))|((a&b)&c));(~b&c),0;00101011;0100,3,1,000,1,001,1,010,5,a+b;b+b;b-c;c-b;c+c
12:54:45,780  INFO Griffin:611 - 0000000002,3,a;b;c,false;((((((~a&b)&~c)|((~a&b)&c))|((a&~b)&~c))|((a&b)&~c))|((a&b)&c));(~b&c),0;00111011;0100,3,1,000,1,001,1,010,5,a+b;b+b;b-c;c-b;c+c
12:54:56,423  INFO Griffin:611 - 0000000003,3,a;b;c,false;((((~a&b)&~c)|((a&b)&~c))|((a&b)&c));(~b&c),0;00100011;0100,3,1,000,1,001,1,010,5,a+b;b+b;b-c;c-b;c+c
12:54:58,065  INFO Griffin:611 - 0000000004,3,a;b;c,false;((((((~a&b)&~c)|((a&~b)&~c))|((a&~b)&c))|((a&b)&~c))|((a&b)&c));(~b&c),0;00101111;0100,3,1,000,1,001,1,010,5,a+b;b+b;b-c;c-b;c+c
12:55:01,488  INFO Griffin:427 - Total number of satisfying models found: 5
15:59:28,748  INFO Griffin:611 - 0000000000,3,a;b;c,false;((((~a&b)&~c)|((a&~b)&~c))|((a&b)&~c));(~b&c),0;00101010;0100,3,1,000,1,001,1,010,5,a+b;b+b;b-c;c-b;c+c
15:59:28,841  INFO Griffin:611 - 0000000001,3,a;b;c,false;(((((~a&b)&~c)|((a&~b)&~c))|((a&b)&~c))|((a&b)&c));(~b&c),0;00101011;0100,3,1,000,1,001,1,010,5,a+b;b+b;b-c;c-b;c+c
15:59:28,930  INFO Griffin:611 - 0000000002,3,a;b;c,false;((((((~a&b)&~c)|((~a&b)&c))|((a&~b)&~c))|((a&b)&~c))|((a&b)&c));(~b&c),0;00111011;0100,3,1,000,1,001,1,010,5,a+b;b+b;b-c;c-b;c+c
15:59:29,872  INFO Griffin:611 - 0000000003,3,a;b;c,false;((((~a&b)&~c)|((a&b)&~c))|((a&b)&c));(~b&c),0;00100011;0100,3,1,000,1,001,1,010,5,a+b;b+b;b-c;c-b;c+c
15:59:29,989  INFO Griffin:611 - 0000000004,3,a;b;c,false;((((((~a&b)&~c)|((a&~b)&~c))|((a&~b)&c))|((a&b)&~c))|((a&b)&c));(~b&c),0;00101111;0100,3,1,000,1,001,1,010,5,a+b;b+b;b-c;c-b;c+c
15:59:30,012  INFO Griffin:427 - Total number of satisfying models found: 5
15:59:30,100  INFO Griffin:611 - 0000000000,3,a;b;c,false;((((~a&b)&~c)|((a&~b)&~c))|((a&b)&~c));(~b&c),0;00101010;0100,3,1,000,1,001,1,010,5,a+b;b+b;b-c;c-b;c+c
15:59:30,165  INFO Griffin:611 - 0000000001,3,a;b;c,false;(((((~a&b)&~c)|((a&~b)&~c))|((a&b)&~c))|((a&b)&c));(~b&c),0;00101011;0100,3,1,000,1,001,1,010,5,a+b;b+b;b-c;c-b;c+c
16:20:12,334  INFO Griffin:611 - 0000000000,3,a;b;c,false;((((~a&b)&~c)|((a&~b)&~c))|((a&b)&~c));(~b&c),0;00101010;0100,3,1,000,1,001,1,010,5,a+b;b+b;b-c;c-b;c+c
16:20:12,475  INFO Griffin:611 - 0000000001,3,a;b;c,false;(((((~a&b)&~c)|((a&~b)&~c))|((a&b)&~c))|((a&b)&c));(~b&c),0;00101011;0100,3,1,000,1,001,1,010,5,a+b;b+b;b-c;c-b;c+c
16:20:12,547  INFO Griffin:611 - 0000000002,3,a;b;c,false;((((((~a&b)&~c)|((~a&b)&c))|((a&~b)&~c))|((a&b)&~c))|((a&b)&c));(~b&c),0;00111011;0100,3,1,000,1,001,1,010,5,a+b;b+b;b-c;c-b;c+c
16:20:12,582  INFO Griffin:611 - 0000000003,3,a;b;c,false;((((~a&b)&~c)|((a&b)&~c))|((a&b)&c));(~b&c),0;00100011;0100,3,1,000,1,001,1,010,5,a+b;b+b;b-c;c-b;c+c
16:20:12,663  INFO Griffin:611 - 0000000004,3,a;b;c,false;((((((~a&b)&~c)|((a&~b)&~c))|((a&~b)&c))|((a&b)&~c))|((a&b)&c));(~b&c),0;00101111;0100,3,1,000,1,001,1,010,5,a+b;b+b;b-c;c-b;c+c
16:20:13,603  INFO Griffin:427 - Total number of satisfying models found: 5
16:20:13,644  INFO Griffin:611 - 0000000000,3,a;b;c,false;((((~a&b)&~c)|((a&~b)&~c))|((a&b)&~c));(~b&c),0;00101010;0100,3,1,000,1,001,1,010,5,a+b;b+b;b-c;c-b;c+c
16:20:13,669  INFO Griffin:611 - 0000000001,3,a;b;c,false;(((((~a&b)&~c)|((a&~b)&~c))|((a&b)&~c))|((a&b)&c));(~b&c),0;00101011;0100,3,1,000,1,001,1,010,5,a+b;b+b;b-c;c-b;c+c
16:38:20,251  INFO Griffin:611 - 0000000000,3,a;b;c,false;((((~a&b)&~c)|((a&~b)&~c))|((a&b)&~c));(~b&c),0;00101010;0100,3,1,000,1,001,1,010,5,a+b;b+b;b-c;c-b;c+c
16:38:20,347  INFO Griffin:611 - 0000000001,3,a;b;c,false;(((((~a&b)&~c)|((a&~b)&~c))|((a&b)&~c))|((a&b)&c));(~b&c),0;00101011;0100,3,1,000,1,001,1,010,5,a+b;b+b;b-c;c-b;c+c
16:38:20,403  INFO Griffin:611 - 0000000002,3,a;b;c,false;((((((~a&b)&~c)|((~a&b)&c))|((a&~b)&~c))|((a&b)&~c))|((a&b)&c));(~b&c),0;00111011;0100,3,1,000,1,001,1,010,5,a+b;b+b;b-c;c-b;c+c
16:38:20,441  INFO Griffin:611 - 0000000003,3,a;b;c,false;((((~a&b)&~c)|((a&b)&~c))|((a&b)&c));(~b&c),0;00100011;0100,3,1,000,1,001,1,010,5,a+b;b+b;b-c;c-b;c+c
16:38:20,492  INFO Griffin:611 - 0000000004,3,a;b;c,false;((((((~a&b)&~c)|((a&~b)&~c))|((a&~b)&c))|((a&b)&~c))|((a&b)&c));(~b&c),0;00101111;0100,3,1,000,1,001,1,010,5,a+b;b+b;b-c;c-b;c+c
16:38:20,508  INFO Griffin:427 - Total number of satisfying models found: 5
16:38:21,483  INFO Griffin:611 - 0000000000,3,a;b;c,false;((((~a&b)&~c)|((a&~b)&~c))|((a&b)&~c));(~b&c),0;00101010;0100,3,1,000,1,001,1,010,5,a+b;b+b;b-c;c-b;c+c
16:38:21,520  INFO Griffin:611 - 0000000001,3,a;b;c,false;(((((~a&b)&~c)|((a&~b)&~c))|((a&b)&~c))|((a&b)&c));(~b&c),0;00101011;0100,3,1,000,1,001,1,010,5,a+b;b+b;b-c;c-b;c+c
16:38:38,464  INFO Griffin:611 - 0000000000,3,a;b;c,false;((((~a&b)&~c)|((a&~b)&~c))|((a&b)&~c));(~b&c),0;00101010;0100,3,1,000,1,001,1,010,5,a+b;b+b;b-c;c-b;c+c
16:38:38,482  INFO Griffin:611 - 0000000001,3,a;b;c,false;(((((~a&b)&~c)|((a&~b)&~c))|((a&b)&~c))|((a&b)&c));(~b&c),0;00101011;0100,3,1,000,1,001,1,010,5,a+b;b+b;b-c;c-b;c+c
16:38:38,561  INFO Griffin:611 - 0000000002,3,a;b;c,false;((((((~a&b)&~c)|((~a&b)&c))|((a&~b)&~c))|((a&b)&~c))|((a&b)&c));(~b&c),0;00111011;0100,3,1,000,1,001,1,010,5,a+b;b+b;b-c;c-b;c+c
16:38:38,595  INFO Griffin:611 - 0000000003,3,a;b;c,false;((((~a&b)&~c)|((a&b)&~c))|((a&b)&c));(~b&c),0;00100011;0100,3,1,000,1,001,1,010,5,a+b;b+b;b-c;c-b;c+c
16:38:38,624  INFO Griffin:611 - 0000000004,3,a;b;c,false;((((((~a&b)&~c)|((a&~b)&~c))|((a&~b)&c))|((a&b)&~c))|((a&b)&c));(~b&c),0;00101111;0100,3,1,000,1,001,1,010,5,a+b;b+b;b-c;c-b;c+c
16:38:38,638  INFO Griffin:427 - Total number of satisfying models found: 5
16:38:38,669  INFO Griffin:611 - 0000000000,3,a;b;c,false;((((~a&b)&~c)|((a&~b)&~c))|((a&b)&~c));(~b&c),0;00101010;0100,3,1,000,1,001,1,010,5,a+b;b+b;b-c;c-b;c+c
16:38:38,707  INFO Griffin:611 - 0000000001,3,a;b;c,false;(((((~a&b)&~c)|((a&~b)&~c))|((a&b)&~c))|((a&b)&c));(~b&c),0;00101011;0100,3,1,000,1,001,1,010,5,a+b;b+b;b-c;c-b;c+c
16:59:10,878  INFO Griffin:611 - 0000000000,3,a;b;c,false;((((~a&b)&~c)|((a&~b)&~c))|((a&b)&~c));(~b&c),0;00101010;0100,3,1,000,1,001,1,010,5,a+b;b+b;b-c;c-b;c+c
16:59:11,010  INFO Griffin:611 - 0000000001,3,a;b;c,false;(((((~a&b)&~c)|((a&~b)&~c))|((a&b)&~c))|((a&b)&c));(~b&c),0;00101011;0100,3,1,000,1,001,1,010,5,a+b;b+b;b-c;c-b;c+c
16:59:11,068  INFO Griffin:611 - 0000000002,3,a;b;c,false;((((((~a&b)&~c)|((~a&b)&c))|((a&~b)&~c))|((a&b)&~c))|((a&b)&c));(~b&c),0;00111011;0100,3,1,000,1,001,1,010,5,a+b;b+b;b-c;c-b;c+c
16:59:11,196  INFO Griffin:611 - 0000000003,3,a;b;c,false;((((~a&b)&~c)|((a&b)&~c))|((a&b)&c));(~b&c),0;00100011;0100,3,1,000,1,001,1,010,5,a+b;b+b;b-c;c-b;c+c
16:59:12,060  INFO Griffin:611 - 0000000004,3,a;b;c,false;((((((~a&b)&~c)|((a&~b)&~c))|((a&~b)&c))|((a&b)&~c))|((a&b)&c));(~b&c),0;00101111;0100,3,1,000,1,001,1,010,5,a+b;b+b;b-c;c-b;c+c
16:59:12,067  INFO Griffin:427 - Total number of satisfying models found: 5
08:54:30,457  INFO Griffin:611 - 0000000000,3,a;b;c,false;((((~a&b)&~c)|((a&~b)&~c))|((a&b)&~c));(~b&c),0;00101010;0100,3,1,000,1,001,1,010,5,a+b;b+b;b-c;c-b;c+c
08:54:30,570  INFO Griffin:611 - 0000000001,3,a;b;c,false;(((((~a&b)&~c)|((a&~b)&~c))|((a&b)&~c))|((a&b)&c));(~b&c),0;00101011;0100,3,1,000,1,001,1,010,5,a+b;b+b;b-c;c-b;c+c
08:54:30,621  INFO Griffin:611 - 0000000002,3,a;b;c,false;((((((~a&b)&~c)|((~a&b)&c))|((a&~b)&~c))|((a&b)&~c))|((a&b)&c));(~b&c),0;00111011;0100,3,1,000,1,001,1,010,5,a+b;b+b;b-c;c-b;c+c
08:54:30,646  INFO Griffin:611 - 0000000003,3,a;b;c,false;((((~a&b)&~c)|((a&b)&~c))|((a&b)&c));(~b&c),0;00100011;0100,3,1,000,1,001,1,010,5,a+b;b+b;b-c;c-b;c+c
08:54:31,117  INFO Griffin:611 - 0000000004,3,a;b;c,false;((((((~a&b)&~c)|((a&~b)&~c))|((a&~b)&c))|((a&b)&~c))|((a&b)&c));(~b&c),0;00101111;0100,3,1,000,1,001,1,010,5,a+b;b+b;b-c;c-b;c+c
08:54:31,991  INFO Griffin:427 - Total number of satisfying models found: 5
08:54:32,043  INFO Griffin:611 - 0000000000,3,a;b;c,false;((((~a&b)&~c)|((a&~b)&~c))|((a&b)&~c));(~b&c),0;00101010;0100,3,1,000,1,001,1,010,5,a+b;b+b;b-c;c-b;c+c
08:54:32,080  INFO Griffin:611 - 0000000001,3,a;b;c,false;(((((~a&b)&~c)|((a&~b)&~c))|((a&b)&~c))|((a&b)&c));(~b&c),0;00101011;0100,3,1,000,1,001,1,010,5,a+b;b+b;b-c;c-b;c+c
10:31:38,090  INFO Griffin:427 - Total number of satisfying models found: 0
10:33:21,322  INFO Griffin:611 - 0000000000,3,a;b;c,false;((((~a&b)&~c)|((a&~b)&~c))|((a&b)&~c));(~b&c),0;00101010;0100,3,1,000,1,001,1,010,5,a+b;b+b;b-c;c-b;c+c
10:33:21,498  INFO Griffin:611 - 0000000001,3,a;b;c,false;(((((~a&b)&~c)|((a&~b)&~c))|((a&b)&~c))|((a&b)&c));(~b&c),0;00101011;0100,3,1,000,1,001,1,010,5,a+b;b+b;b-c;c-b;c+c
10:33:21,544  INFO Griffin:611 - 0000000002,3,a;b;c,false;((((((~a&b)&~c)|((~a&b)&c))|((a&~b)&~c))|((a&b)&~c))|((a&b)&c));(~b&c),0;00111011;0100,3,1,000,1,001,1,010,5,a+b;b+b;b-c;c-b;c+c
10:33:21,600  INFO Griffin:611 - 0000000003,3,a;b;c,false;((((~a&b)&~c)|((a&b)&~c))|((a&b)&c));(~b&c),0;00100011;0100,3,1,000,1,001,1,010,5,a+b;b+b;b-c;c-b;c+c
10:33:21,620  INFO Griffin:611 - 0000000004,3,a;b;c,false;((((((~a&b)&~c)|((a&~b)&~c))|((a&~b)&c))|((a&b)&~c))|((a&b)&c));(~b&c),0;00101111;0100,3,1,000,1,001,1,010,5,a+b;b+b;b-c;c-b;c+c
10:33:21,626  INFO Griffin:427 - Total number of satisfying models found: 5
10:33:21,656  INFO Griffin:611 - 0000000000,3,a;b;c,false;((((~a&b)&~c)|((a&~b)&~c))|((a&b)&~c));(~b&c),0;00101010;0100,3,1,000,1,001,1,010,5,a+b;b+b;b-c;c-b;c+c
10:33:21,731  INFO Griffin:611 - 0000000001,3,a;b;c,false;(((((~a&b)&~c)|((a&~b)&~c))|((a&b)&~c))|((a&b)&c));(~b&c),0;00101011;0100,3,1,000,1,001,1,010,5,a+b;b+b;b-c;c-b;c+c
10:33:33,772  INFO Griffin:611 - 0000000002,3,a;b;c,false;((((((~a&b)&~c)|((~a&b)&c))|((a&~b)&~c))|((a&b)&~c))|((a&b)&c));(~b&c),0;00111011;0100,3,1,000,1,001,1,010,5,a+b;b+b;b-c;c-b;c+c
10:36:37,985  INFO Griffin:427 - Total number of satisfying models found: 0
10:37:31,160  INFO Griffin:427 - Total number of satisfying models found: 0
10:46:46,009  INFO Griffin:611 - 0000000000,3,a;b;c,false;((((~a&b)&~c)|((a&~b)&~c))|((a&b)&~c));(~b&c),0;00101010;0100,3,1,000,1,001,1,010,5,a+b;b+b;b-c;c-b;c+c
10:46:52,030  INFO Griffin:611 - 0000000001,3,a;b;c,false;(((((~a&b)&~c)|((a&~b)&~c))|((a&b)&~c))|((a&b)&c));(~b&c),0;00101011;0100,3,1,000,1,001,1,010,5,a+b;b+b;b-c;c-b;c+c
10:47:02,332  INFO Griffin:611 - 0000000002,3,a;b;c,false;((((((~a&b)&~c)|((~a&b)&c))|((a&~b)&~c))|((a&b)&~c))|((a&b)&c));(~b&c),0;00111011;0100,3,1,000,1,001,1,010,5,a+b;b+b;b-c;c-b;c+c
10:47:27,751  INFO Griffin:611 - 0000000003,3,a;b;c,false;((((~a&b)&~c)|((a&b)&~c))|((a&b)&c));(~b&c),0;00100011;0100,3,1,000,1,001,1,010,5,a+b;b+b;b-c;c-b;c+c
10:47:29,128  INFO Griffin:611 - 0000000004,3,a;b;c,false;((((((~a&b)&~c)|((a&~b)&~c))|((a&~b)&c))|((a&b)&~c))|((a&b)&c));(~b&c),0;00101111;0100,3,1,000,1,001,1,010,5,a+b;b+b;b-c;c-b;c+c
10:47:31,316  INFO Griffin:427 - Total number of satisfying models found: 5
10:56:17,587  INFO Griffin:611 - 0000000000,3,a;b;c,false;((((~a&b)&~c)|((a&~b)&~c))|((a&b)&~c));(~b&c),0;00101010;0100,3,1,000,1,001,1,010,5,a+b;b+b;b-c;c-b;c+c
10:56:17,632  INFO Griffin:611 - 0000000001,3,a;b;c,false;(((((~a&b)&~c)|((a&~b)&~c))|((a&b)&~c))|((a&b)&c));(~b&c),0;00101011;0100,3,1,000,1,001,1,010,5,a+b;b+b;b-c;c-b;c+c
10:56:34,160  INFO Griffin:611 - 0000000002,3,a;b;c,false;((((((~a&b)&~c)|((~a&b)&c))|((a&~b)&~c))|((a&b)&~c))|((a&b)&c));(~b&c),0;00111011;0100,3,1,000,1,001,1,010,5,a+b;b+b;b-c;c-b;c+c
13:46:12,982  INFO Griffin:611 - 0000000000,3,a;b;c,false;((((~a&b)&~c)|((a&~b)&~c))|((a&b)&~c));(~b&c),0;00101010;0100,3,1,000,1,001,1,010,5,a+b;b+b;b-c;c-b;c+c
13:46:13,130  INFO Griffin:611 - 0000000001,3,a;b;c,false;(((((~a&b)&~c)|((a&~b)&~c))|((a&b)&~c))|((a&b)&c));(~b&c),0;00101011;0100,3,1,000,1,001,1,010,5,a+b;b+b;b-c;c-b;c+c
13:46:13,180  INFO Griffin:611 - 0000000002,3,a;b;c,false;((((((~a&b)&~c)|((~a&b)&c))|((a&~b)&~c))|((a&b)&~c))|((a&b)&c));(~b&c),0;00111011;0100,3,1,000,1,001,1,010,5,a+b;b+b;b-c;c-b;c+c
13:46:13,209  INFO Griffin:611 - 0000000003,3,a;b;c,false;((((~a&b)&~c)|((a&b)&~c))|((a&b)&c));(~b&c),0;00100011;0100,3,1,000,1,001,1,010,5,a+b;b+b;b-c;c-b;c+c
13:46:13,306  INFO Griffin:611 - 0000000004,3,a;b;c,false;((((((~a&b)&~c)|((a&~b)&~c))|((a&~b)&c))|((a&b)&~c))|((a&b)&c));(~b&c),0;00101111;0100,3,1,000,1,001,1,010,5,a+b;b+b;b-c;c-b;c+c
13:46:14,136  INFO Griffin:427 - Total number of satisfying models found: 5
13:46:14,182  INFO Griffin:611 - 0000000000,3,a;b;c,false;((((~a&b)&~c)|((a&~b)&~c))|((a&b)&~c));(~b&c),0;00101010;0100,3,1,000,1,001,1,010,5,a+b;b+b;b-c;c-b;c+c
13:46:14,209  INFO Griffin:611 - 0000000001,3,a;b;c,false;(((((~a&b)&~c)|((a&~b)&~c))|((a&b)&~c))|((a&b)&c));(~b&c),0;00101011;0100,3,1,000,1,001,1,010,5,a+b;b+b;b-c;c-b;c+c
