11:14:40,763  INFO Griffin:611 - 0000000000,3,a;b;c,false;((((~a&b)&~c)|((a&~b)&~c))|((a&b)&~c));(~b&c),0;00101010;0100,3,1,000,1,001,1,010,5,a+b;b+b;b-c;c-b;c+c
11:14:40,924  INFO Griffin:611 - 0000000001,3,a;b;c,false;(((((~a&b)&~c)|((a&~b)&~c))|((a&b)&~c))|((a&b)&c));(~b&c),0;00101011;0100,3,1,000,1,001,1,010,5,a+b;b+b;b-c;c-b;c+c
11:30:01,324  INFO Griffin:611 - 0000000000,3,a;b;c,false;((((~a&b)&~c)|((a&~b)&~c))|((a&b)&~c));(~b&c),0;00101010;0100,3,1,000,1,001,1,010,5,a+b;b+b;b-c;c-b;c+c
11:30:01,470  INFO Griffin:611 - 0000000001,3,a;b;c,false;(((((~a&b)&~c)|((a&~b)&~c))|((a&b)&~c))|((a&b)&c));(~b&c),0;00101011;0100,3,1,000,1,001,1,010,5,a+b;b+b;b-c;c-b;c+c
11:30:42,747  INFO Griffin:611 - 0000000000,3,a;b;c,false;((((~a&b)&~c)|((a&~b)&~c))|((a&b)&~c));(~b&c),0;00101010;0100,3,1,000,1,001,1,010,5,a+b;b+b;b-c;c-b;c+c
11:30:42,919  INFO Griffin:611 - 0000000001,3,a;b;c,false;(((((~a&b)&~c)|((a&~b)&~c))|((a&b)&~c))|((a&b)&c));(~b&c),0;00101011;0100,3,1,000,1,001,1,010,5,a+b;b+b;b-c;c-b;c+c
11:48:15,225  INFO Griffin:611 - 0000000000,3,a;b;c,false;((((~a&b)&~c)|((a&~b)&~c))|((a&b)&~c));(~b&c),0;00101010;0100,3,1,000,1,001,1,010,5,a+b;b+b;b-c;c-b;c+c
11:48:15,314  INFO Griffin:611 - 0000000001,3,a;b;c,false;(((((~a&b)&~c)|((a&~b)&~c))|((a&b)&~c))|((a&b)&c));(~b&c),0;00101011;0100,3,1,000,1,001,1,010,5,a+b;b+b;b-c;c-b;c+c
11:48:15,344  INFO Griffin:611 - 0000000002,3,a;b;c,false;((((((~a&b)&~c)|((~a&b)&c))|((a&~b)&~c))|((a&b)&~c))|((a&b)&c));(~b&c),0;00111011;0100,3,1,000,1,001,1,010,5,a+b;b+b;b-c;c-b;c+c
11:48:15,376  INFO Griffin:611 - 0000000003,3,a;b;c,false;((((~a&b)&~c)|((a&b)&~c))|((a&b)&c));(~b&c),0;00100011;0100,3,1,000,1,001,1,010,5,a+b;b+b;b-c;c-b;c+c
11:48:15,450  INFO Griffin:611 - 0000000004,3,a;b;c,false;((((((~a&b)&~c)|((a&~b)&~c))|((a&~b)&c))|((a&b)&~c))|((a&b)&c));(~b&c),0;00101111;0100,3,1,000,1,001,1,010,5,a+b;b+b;b-c;c-b;c+c
11:48:15,499  INFO Griffin:427 - Total number of satisfying models found: 5
11:48:16,962  INFO Griffin:611 - 0000000000,3,a;b;c,false;((((~a&b)&~c)|((a&~b)&~c))|((a&b)&~c));(~b&c),0;00101010;0100,3,1,000,1,001,1,010,5,a+b;b+b;b-c;c-b;c+c
11:48:17,027  INFO Griffin:611 - 0000000001,3,a;b;c,false;(((((~a&b)&~c)|((a&~b)&~c))|((a&b)&~c))|((a&b)&c));(~b&c),0;00101011;0100,3,1,000,1,001,1,010,5,a+b;b+b;b-c;c-b;c+c
12:04:15,830  INFO Griffin:611 - 0000000000,3,a;b;c,false;((((~a&b)&~c)|((a&~b)&~c))|((a&b)&~c));(~b&c),0;00101010;0100,3,1,000,1,001,1,010,5,a+b;b+b;b-c;c-b;c+c
12:04:15,943  INFO Griffin:611 - 0000000001,3,a;b;c,false;(((((~a&b)&~c)|((a&~b)&~c))|((a&b)&~c))|((a&b)&c));(~b&c),0;00101011;0100,3,1,000,1,001,1,010,5,a+b;b+b;b-c;c-b;c+c
12:04:15,992  INFO Griffin:611 - 0000000002,3,a;b;c,false;((((((~a&b)&~c)|((~a&b)&c))|((a&~b)&~c))|((a&b)&~c))|((a&b)&c));(~b&c),0;00111011;0100,3,1,000,1,001,1,010,5,a+b;b+b;b-c;c-b;c+c
12:04:16,019  INFO Griffin:611 - 0000000003,3,a;b;c,false;((((~a&b)&~c)|((a&b)&~c))|((a&b)&c));(~b&c),0;00100011;0100,3,1,000,1,001,1,010,5,a+b;b+b;b-c;c-b;c+c
12:04:16,060  INFO Griffin:611 - 0000000004,3,a;b;c,false;((((((~a&b)&~c)|((a&~b)&~c))|((a&~b)&c))|((a&b)&~c))|((a&b)&c));(~b&c),0;00101111;0100,3,1,000,1,001,1,010,5,a+b;b+b;b-c;c-b;c+c
12:04:16,081  INFO Griffin:427 - Total number of satisfying models found: 5
12:04:17,298  INFO Griffin:611 - 0000000000,3,a;b;c,false;((((~a&b)&~c)|((a&~b)&~c))|((a&b)&~c));(~b&c),0;00101010;0100,3,1,000,1,001,1,010,5,a+b;b+b;b-c;c-b;c+c
12:04:17,358  INFO Griffin:611 - 0000000001,3,a;b;c,false;(((((~a&b)&~c)|((a&~b)&~c))|((a&b)&~c))|((a&b)&c));(~b&c),0;00101011;0100,3,1,000,1,001,1,010,5,a+b;b+b;b-c;c-b;c+c
16:13:01,129  INFO Griffin:611 - 0000000000,3,a;b;c,false;((((~a&b)&~c)|((a&~b)&~c))|((a&b)&~c));(~b&c),0;00101010;0100,3,1,000,1,001,1,010,5,a+b;b+b;b-c;c-b;c+c
16:13:01,378  INFO Griffin:611 - 0000000001,3,a;b;c,false;(((((~a&b)&~c)|((a&~b)&~c))|((a&b)&~c))|((a&b)&c));(~b&c),0;00101011;0100,3,1,000,1,001,1,010,5,a+b;b+b;b-c;c-b;c+c
16:13:01,428  INFO Griffin:611 - 0000000002,3,a;b;c,false;((((((~a&b)&~c)|((~a&b)&c))|((a&~b)&~c))|((a&b)&~c))|((a&b)&c));(~b&c),0;00111011;0100,3,1,000,1,001,1,010,5,a+b;b+b;b-c;c-b;c+c
16:13:01,468  INFO Griffin:611 - 0000000003,3,a;b;c,false;((((~a&b)&~c)|((a&b)&~c))|((a&b)&c));(~b&c),0;00100011;0100,3,1,000,1,001,1,010,5,a+b;b+b;b-c;c-b;c+c
16:13:01,684  INFO Griffin:611 - 0000000004,3,a;b;c,false;((((((~a&b)&~c)|((a&~b)&~c))|((a&~b)&c))|((a&b)&~c))|((a&b)&c));(~b&c),0;00101111;0100,3,1,000,1,001,1,010,5,a+b;b+b;b-c;c-b;c+c
16:13:01,710  INFO Griffin:427 - Total number of satisfying models found: 5
16:13:02,971  INFO Griffin:611 - 0000000000,3,a;b;c,false;((((~a&b)&~c)|((a&~b)&~c))|((a&b)&~c));(~b&c),0;00101010;0100,3,1,000,1,001,1,010,5,a+b;b+b;b-c;c-b;c+c
16:13:03,020  INFO Griffin:611 - 0000000001,3,a;b;c,false;(((((~a&b)&~c)|((a&~b)&~c))|((a&b)&~c))|((a&b)&c));(~b&c),0;00101011;0100,3,1,000,1,001,1,010,5,a+b;b+b;b-c;c-b;c+c
13:38:56,103  INFO Griffin:611 - 0000000000,3,a;b;c,false;((((~a&b)&~c)|((a&~b)&~c))|((a&b)&~c));(~b&c),0;00101010;0100,3,1,000,1,001,1,010,5,a+b;b+b;b-c;c-b;c+c
13:38:56,370  INFO Griffin:611 - 0000000001,3,a;b;c,false;(((((~a&b)&~c)|((a&~b)&~c))|((a&b)&~c))|((a&b)&c));(~b&c),0;00101011;0100,3,1,000,1,001,1,010,5,a+b;b+b;b-c;c-b;c+c
13:38:56,413  INFO Griffin:611 - 0000000002,3,a;b;c,false;((((((~a&b)&~c)|((~a&b)&c))|((a&~b)&~c))|((a&b)&~c))|((a&b)&c));(~b&c),0;00111011;0100,3,1,000,1,001,1,010,5,a+b;b+b;b-c;c-b;c+c
13:38:56,449  INFO Griffin:611 - 0000000003,3,a;b;c,false;((((~a&b)&~c)|((a&b)&~c))|((a&b)&c));(~b&c),0;00100011;0100,3,1,000,1,001,1,010,5,a+b;b+b;b-c;c-b;c+c
13:38:56,502  INFO Griffin:611 - 0000000004,3,a;b;c,false;((((((~a&b)&~c)|((a&~b)&~c))|((a&~b)&c))|((a&b)&~c))|((a&b)&c));(~b&c),0;00101111;0100,3,1,000,1,001,1,010,5,a+b;b+b;b-c;c-b;c+c
13:38:56,516  INFO Griffin:427 - Total number of satisfying models found: 5
13:42:08,591  INFO Griffin:611 - 0000000000,3,a;b;c,false;((((~a&b)&~c)|((a&~b)&~c))|((a&b)&~c));(~b&c),0;00101010;0100,3,1,000,1,001,1,010,5,a+b;b+b;b-c;c-b;c+c
13:42:08,745  INFO Griffin:611 - 0000000001,3,a;b;c,false;(((((~a&b)&~c)|((a&~b)&~c))|((a&b)&~c))|((a&b)&c));(~b&c),0;00101011;0100,3,1,000,1,001,1,010,5,a+b;b+b;b-c;c-b;c+c
13:42:08,888  INFO Griffin:611 - 0000000002,3,a;b;c,false;((((((~a&b)&~c)|((~a&b)&c))|((a&~b)&~c))|((a&b)&~c))|((a&b)&c));(~b&c),0;00111011;0100,3,1,000,1,001,1,010,5,a+b;b+b;b-c;c-b;c+c
13:42:08,929  INFO Griffin:611 - 0000000003,3,a;b;c,false;((((~a&b)&~c)|((a&b)&~c))|((a&b)&c));(~b&c),0;00100011;0100,3,1,000,1,001,1,010,5,a+b;b+b;b-c;c-b;c+c
13:42:08,978  INFO Griffin:611 - 0000000004,3,a;b;c,false;((((((~a&b)&~c)|((a&~b)&~c))|((a&~b)&c))|((a&b)&~c))|((a&b)&c));(~b&c),0;00101111;0100,3,1,000,1,001,1,010,5,a+b;b+b;b-c;c-b;c+c
13:42:09,017  INFO Griffin:427 - Total number of satisfying models found: 5
13:42:10,708  INFO Griffin:611 - 0000000000,3,a;b;c,false;((((~a&b)&~c)|((a&~b)&~c))|((a&b)&~c));(~b&c),0;00101010;0100,3,1,000,1,001,1,010,5,a+b;b+b;b-c;c-b;c+c
13:42:59,043  INFO Griffin:611 - 0000000000,3,a;b;c,false;((((~a&b)&~c)|((a&~b)&~c))|((a&b)&~c));(~b&c),0;00101010;0100,3,1,000,1,001,1,010,5,a+b;b+b;b-c;c-b;c+c
13:42:59,144  INFO Griffin:611 - 0000000001,3,a;b;c,false;(((((~a&b)&~c)|((a&~b)&~c))|((a&b)&~c))|((a&b)&c));(~b&c),0;00101011;0100,3,1,000,1,001,1,010,5,a+b;b+b;b-c;c-b;c+c
13:42:59,185  INFO Griffin:611 - 0000000002,3,a;b;c,false;((((((~a&b)&~c)|((~a&b)&c))|((a&~b)&~c))|((a&b)&~c))|((a&b)&c));(~b&c),0;00111011;0100,3,1,000,1,001,1,010,5,a+b;b+b;b-c;c-b;c+c
13:42:59,213  INFO Griffin:611 - 0000000003,3,a;b;c,false;((((~a&b)&~c)|((a&b)&~c))|((a&b)&c));(~b&c),0;00100011;0100,3,1,000,1,001,1,010,5,a+b;b+b;b-c;c-b;c+c
13:42:59,268  INFO Griffin:611 - 0000000004,3,a;b;c,false;((((((~a&b)&~c)|((a&~b)&~c))|((a&~b)&c))|((a&b)&~c))|((a&b)&c));(~b&c),0;00101111;0100,3,1,000,1,001,1,010,5,a+b;b+b;b-c;c-b;c+c
13:42:59,290  INFO Griffin:427 - Total number of satisfying models found: 5
13:43:00,863  INFO Griffin:611 - 0000000000,3,a;b;c,false;((((~a&b)&~c)|((a&~b)&~c))|((a&b)&~c));(~b&c),0;00101010;0100,3,1,000,1,001,1,010,5,a+b;b+b;b-c;c-b;c+c
13:43:00,930  INFO Griffin:611 - 0000000001,3,a;b;c,false;(((((~a&b)&~c)|((a&~b)&~c))|((a&b)&~c))|((a&b)&c));(~b&c),0;00101011;0100,3,1,000,1,001,1,010,5,a+b;b+b;b-c;c-b;c+c
13:49:52,160  INFO Griffin:611 - 0000000000,3,a;b;c,false;((((~a&b)&~c)|((a&~b)&~c))|((a&b)&~c));(~b&c),0;00101010;0100,3,1,000,1,001,1,010,5,a+b;b+b;b-c;c-b;c+c
13:49:52,412  INFO Griffin:611 - 0000000001,3,a;b;c,false;(((((~a&b)&~c)|((a&~b)&~c))|((a&b)&~c))|((a&b)&c));(~b&c),0;00101011;0100,3,1,000,1,001,1,010,5,a+b;b+b;b-c;c-b;c+c
13:49:52,496  INFO Griffin:611 - 0000000002,3,a;b;c,false;((((((~a&b)&~c)|((~a&b)&c))|((a&~b)&~c))|((a&b)&~c))|((a&b)&c));(~b&c),0;00111011;0100,3,1,000,1,001,1,010,5,a+b;b+b;b-c;c-b;c+c
13:49:52,633  INFO Griffin:611 - 0000000003,3,a;b;c,false;((((~a&b)&~c)|((a&b)&~c))|((a&b)&c));(~b&c),0;00100011;0100,3,1,000,1,001,1,010,5,a+b;b+b;b-c;c-b;c+c
13:49:56,301  INFO Griffin:611 - 0000000004,3,a;b;c,false;((((((~a&b)&~c)|((a&~b)&~c))|((a&~b)&c))|((a&b)&~c))|((a&b)&c));(~b&c),0;00101111;0100,3,1,000,1,001,1,010,5,a+b;b+b;b-c;c-b;c+c
13:49:58,393  INFO Griffin:427 - Total number of satisfying models found: 5
13:50:07,918  INFO Griffin:611 - 0000000000,3,a;b;c,false;((((~a&b)&~c)|((a&~b)&~c))|((a&b)&~c));(~b&c),0;00101010;0100,3,1,000,1,001,1,010,5,a+b;b+b;b-c;c-b;c+c
13:50:07,988  INFO Griffin:611 - 0000000001,3,a;b;c,false;(((((~a&b)&~c)|((a&~b)&~c))|((a&b)&~c))|((a&b)&c));(~b&c),0;00101011;0100,3,1,000,1,001,1,010,5,a+b;b+b;b-c;c-b;c+c
